<?xml version="1.0" encoding="UTF-8"?>
<testng-results ignored="0" total="1" passed="1" failed="0" skipped="0">
  <reporter-output>
  </reporter-output>
  <suite started-at="2024-03-15T14:48:34 IST" name="Default suite" finished-at="2024-03-15T14:48:40 IST" duration-ms="6173">
    <groups>
    </groups>
    <test started-at="2024-03-15T14:48:34 IST" name="Default test" finished-at="2024-03-15T14:48:40 IST" duration-ms="6173">
      <class name="Basic.OrganizationTest">
        <test-method signature="Createorganization()[pri:0, instance:Basic.OrganizationTest@59af0466]" started-at="2024-03-15T14:48:34 IST" name="Createorganization" finished-at="2024-03-15T14:48:40 IST" duration-ms="6072" status="PASS">
          <reporter-output>
          </reporter-output>
        </test-method> <!-- Createorganization -->
      </class> <!-- Basic.OrganizationTest -->
    </test> <!-- Default test -->
  </suite> <!-- Default suite -->
</testng-results>
